<?xml version="1.0" encoding="UTF-8"?>
<testng-results ignored="0" total="2" passed="2" failed="0" skipped="0">
  <reporter-output>
  </reporter-output>
  <suite started-at="2021-03-08T16:48:35 IST" name="Default suite" finished-at="2021-03-08T16:49:54 IST" duration-ms="79041">
    <groups>
    </groups>
    <test started-at="2021-03-08T16:48:35 IST" name="Default test" finished-at="2021-03-08T16:49:54 IST" duration-ms="79041">
      <class name="ScreenRecorderTest">
        <test-method is-config="true" signature="setUp()[pri:0, instance:ScreenRecorderTest@2fd1433e]" started-at="2021-03-08T16:48:35 IST" name="setUp" finished-at="2021-03-08T16:48:45 IST" duration-ms="10076" status="PASS">
          <reporter-output>
          </reporter-output>
        </test-method> <!-- setUp -->
        <test-method signature="navigationTest()[pri:0, instance:ScreenRecorderTest@2fd1433e]" started-at="2021-03-08T16:48:45 IST" name="navigationTest" finished-at="2021-03-08T16:49:18 IST" duration-ms="33286" status="PASS">
          <reporter-output>
          </reporter-output>
        </test-method> <!-- navigationTest -->
        <test-method is-config="true" signature="tearDown()[pri:0, instance:ScreenRecorderTest@2fd1433e]" started-at="2021-03-08T16:49:18 IST" name="tearDown" finished-at="2021-03-08T16:49:20 IST" duration-ms="1398" status="PASS">
          <reporter-output>
          </reporter-output>
        </test-method> <!-- tearDown -->
        <test-method is-config="true" signature="setUp()[pri:0, instance:ScreenRecorderTest@2fd1433e]" started-at="2021-03-08T16:49:20 IST" name="setUp" finished-at="2021-03-08T16:49:22 IST" duration-ms="2103" status="PASS">
          <reporter-output>
          </reporter-output>
        </test-method> <!-- setUp -->
        <test-method signature="navigation_FeatureTest()[pri:0, instance:ScreenRecorderTest@2fd1433e]" started-at="2021-03-08T16:49:22 IST" name="navigation_FeatureTest" finished-at="2021-03-08T16:49:53 IST" duration-ms="30784" status="PASS">
          <reporter-output>
          </reporter-output>
        </test-method> <!-- navigation_FeatureTest -->
        <test-method is-config="true" signature="tearDown()[pri:0, instance:ScreenRecorderTest@2fd1433e]" started-at="2021-03-08T16:49:53 IST" name="tearDown" finished-at="2021-03-08T16:49:54 IST" duration-ms="1289" status="PASS">
          <reporter-output>
          </reporter-output>
        </test-method> <!-- tearDown -->
      </class> <!-- ScreenRecorderTest -->
    </test> <!-- Default test -->
  </suite> <!-- Default suite -->
</testng-results>
